# JRE version: OpenJDK Runtime Environment (8.0_152-b01) (build 1.8.0_152-release-1024-b01)
# Java VM: OpenJDK 64-Bit Server VM (25.152-b01 mixed mode linux-amd64 compressed oops)
Heap:
 PSYoungGen      total 381440K, used 0K [0x00000000e0000000, 0x0000000100000000, 0x0000000100000000)
  eden space 238592K, 0% used [0x00000000e0000000,0x00000000e0000000,0x00000000ee900000)
  from space 142848K, 0% used [0x00000000ee900000,0x00000000ee900000,0x00000000f7480000)
  to   space 137728K, 0% used [0x00000000f7980000,0x00000000f7980000,0x0000000100000000)
 ParOldGen       total 654336K, used 604693K [0x00000000a0000000, 0x00000000c7f00000, 0x00000000e0000000)
  object space 654336K, 92% used [0x00000000a0000000,0x00000000c4e85710,0x00000000c7f00000)
 Metaspace       used 91694K, capacity 94488K, committed 96768K, reserved 1134592K
  class space    used 10748K, capacity 11302K, committed 11776K, reserved 1048576K
GC Heap History (10 events):
Event: 7714.468 GC heap after
Heap after GC invocations=92 (full 13):
 PSYoungGen      total 370176K, used 0K [0x00000000e0000000, 0x00000000ff600000, 0x0000000100000000)
  eden space 231936K, 0% used [0x00000000e0000000,0x00000000e0000000,0x00000000ee280000)
  from space 138240K, 0% used [0x00000000ee280000,0x00000000ee280000,0x00000000f6980000)
  to   space 134656K, 0% used [0x00000000f7280000,0x00000000f7280000,0x00000000ff600000)
 ParOldGen       total 654336K, used 445236K [0x00000000a0000000, 0x00000000c7f00000, 0x00000000e0000000)
  object space 654336K, 68% used [0x00000000a0000000,0x00000000bb2cd3c8,0x00000000c7f00000)
 Metaspace       used 91694K, capacity 94488K, committed 96768K, reserved 1134592K
  class space    used 10748K, capacity 11302K, committed 11776K, reserved 1048576K
}
Event: 7715.309 GC heap before
{Heap before GC invocations=93 (full 13):
 PSYoungGen      total 370176K, used 231936K [0x00000000e0000000, 0x00000000ff600000, 0x0000000100000000)
  eden space 231936K, 100% used [0x00000000e0000000,0x00000000ee280000,0x00000000ee280000)
  from space 138240K, 0% used [0x00000000ee280000,0x00000000ee280000,0x00000000f6980000)
  to   space 134656K, 0% used [0x00000000f7280000,0x00000000f7280000,0x00000000ff600000)
 ParOldGen       total 654336K, used 445236K [0x00000000a0000000, 0x00000000c7f00000, 0x00000000e0000000)
  object space 654336K, 68% used [0x00000000a0000000,0x00000000bb2cd3c8,0x00000000c7f00000)
 Metaspace       used 91694K, capacity 94488K, committed 96768K, reserved 1134592K
  class space    used 10748K, capacity 11302K, committed 11776K, reserved 1048576K
Event: 7715.358 GC heap after
Heap after GC invocations=93 (full 13):
 PSYoungGen      total 379392K, used 27687K [0x00000000e0000000, 0x00000000ffc80000, 0x0000000100000000)
  eden space 244736K, 0% used [0x00000000e0000000,0x00000000e0000000,0x00000000eef00000)
  from space 134656K, 20% used [0x00000000f7280000,0x00000000f8d89e58,0x00000000ff600000)
  to   space 134656K, 0% used [0x00000000eef00000,0x00000000eef00000,0x00000000f7280000)
 ParOldGen       total 654336K, used 445236K [0x00000000a0000000, 0x00000000c7f00000, 0x00000000e0000000)
  object space 654336K, 68% used [0x00000000a0000000,0x00000000bb2cd3c8,0x00000000c7f00000)
 Metaspace       used 91694K, capacity 94488K, committed 96768K, reserved 1134592K
  class space    used 10748K, capacity 11302K, committed 11776K, reserved 1048576K
}
Event: 7717.022 GC heap before
{Heap before GC invocations=94 (full 13):
 PSYoungGen      total 379392K, used 272423K [0x00000000e0000000, 0x00000000ffc80000, 0x0000000100000000)
  eden space 244736K, 100% used [0x00000000e0000000,0x00000000eef00000,0x00000000eef00000)
  from space 134656K, 20% used [0x00000000f7280000,0x00000000f8d89e58,0x00000000ff600000)
  to   space 134656K, 0% used [0x00000000eef00000,0x00000000eef00000,0x00000000f7280000)
 ParOldGen       total 654336K, used 445236K [0x00000000a0000000, 0x00000000c7f00000, 0x00000000e0000000)
  object space 654336K, 68% used [0x00000000a0000000,0x00000000bb2cd3c8,0x00000000c7f00000)
 Metaspace       used 91694K, capacity 94488K, committed 96768K, reserved 1134592K
  class space    used 10748K, capacity 11302K, committed 11776K, reserved 1048576K
Event: 7720.075 GC heap after
Heap after GC invocations=94 (full 13):
 PSYoungGen      total 379392K, used 44059K [0x00000000e0000000, 0x00000000ff800000, 0x0000000100000000)
  eden space 244736K, 0% used [0x00000000e0000000,0x00000000e0000000,0x00000000eef00000)
  from space 134656K, 32% used [0x00000000eef00000,0x00000000f1a06fc8,0x00000000f7280000)
  to   space 130560K, 0% used [0x00000000f7880000,0x00000000f7880000,0x00000000ff800000)
 ParOldGen       total 654336K, used 472170K [0x00000000a0000000, 0x00000000c7f00000, 0x00000000e0000000)
  object space 654336K, 72% used [0x00000000a0000000,0x00000000bcd1a920,0x00000000c7f00000)
 Metaspace       used 91694K, capacity 94488K, committed 96768K, reserved 1134592K
  class space    used 10748K, capacity 11302K, committed 11776K, reserved 1048576K
}
Event: 7721.730 GC heap before
{Heap before GC invocations=95 (full 13):
 PSYoungGen      total 379392K, used 288795K [0x00000000e0000000, 0x00000000ff800000, 0x0000000100000000)
  eden space 244736K, 100% used [0x00000000e0000000,0x00000000eef00000,0x00000000eef00000)
  from space 134656K, 32% used [0x00000000eef00000,0x00000000f1a06fc8,0x00000000f7280000)
  to   space 130560K, 0% used [0x00000000f7880000,0x00000000f7880000,0x00000000ff800000)
 ParOldGen       total 654336K, used 472170K [0x00000000a0000000, 0x00000000c7f00000, 0x00000000e0000000)
  object space 654336K, 72% used [0x00000000a0000000,0x00000000bcd1a920,0x00000000c7f00000)
 Metaspace       used 91694K, capacity 94488K, committed 96768K, reserved 1134592K
  class space    used 10748K, capacity 11302K, committed 11776K, reserved 1048576K
Event: 7726.687 GC heap after
Heap after GC invocations=95 (full 13):
 PSYoungGen      total 369152K, used 112900K [0x00000000e0000000, 0x0000000100000000, 0x0000000100000000)
  eden space 238592K, 0% used [0x00000000e0000000,0x00000000e0000000,0x00000000ee900000)
  from space 130560K, 86% used [0x00000000f7880000,0x00000000fe6c11d8,0x00000000ff800000)
  to   space 142848K, 0% used [0x00000000ee900000,0x00000000ee900000,0x00000000f7480000)
 ParOldGen       total 654336K, used 509623K [0x00000000a0000000, 0x00000000c7f00000, 0x00000000e0000000)
  object space 654336K, 77% used [0x00000000a0000000,0x00000000bf1add68,0x00000000c7f00000)
 Metaspace       used 91694K, capacity 94488K, committed 96768K, reserved 1134592K
  class space    used 10748K, capacity 11302K, committed 11776K, reserved 1048576K
}
Event: 7727.205 GC heap before
{Heap before GC invocations=96 (full 13):
 PSYoungGen      total 369152K, used 351492K [0x00000000e0000000, 0x0000000100000000, 0x0000000100000000)
  eden space 238592K, 100% used [0x00000000e0000000,0x00000000ee900000,0x00000000ee900000)
  from space 130560K, 86% used [0x00000000f7880000,0x00000000fe6c11d8,0x00000000ff800000)
  to   space 142848K, 0% used [0x00000000ee900000,0x00000000ee900000,0x00000000f7480000)
 ParOldGen       total 654336K, used 509623K [0x00000000a0000000, 0x00000000c7f00000, 0x00000000e0000000)
  object space 654336K, 77% used [0x00000000a0000000,0x00000000bf1add68,0x00000000c7f00000)
 Metaspace       used 91694K, capacity 94488K, committed 96768K, reserved 1134592K
  class space    used 10748K, capacity 11302K, committed 11776K, reserved 1048576K
Event: 7731.957 GC heap after
Heap after GC invocations=96 (full 13):
 PSYoungGen      total 381440K, used 72898K [0x00000000e0000000, 0x0000000100000000, 0x0000000100000000)
  eden space 238592K, 0% used [0x00000000e0000000,0x00000000e0000000,0x00000000ee900000)
  from space 142848K, 51% used [0x00000000ee900000,0x00000000f3030868,0x00000000f7480000)
  to   space 137728K, 0% used [0x00000000f7980000,0x00000000f7980000,0x0000000100000000)
 ParOldGen       total 654336K, used 583514K [0x00000000a0000000, 0x00000000c7f00000, 0x00000000e0000000)
  object space 654336K, 89% used [0x00000000a0000000,0x00000000c39d69b0,0x00000000c7f00000)
 Metaspace       used 91694K, capacity 94488K, committed 96768K, reserved 1134592K
  class space    used 10748K, capacity 11302K, committed 11776K, reserved 1048576K
}
Event: 7731.957 GC heap before
{Heap before GC invocations=97 (full 14):
 PSYoungGen      total 381440K, used 72898K [0x00000000e0000000, 0x0000000100000000, 0x0000000100000000)
  eden space 238592K, 0% used [0x00000000e0000000,0x00000000e0000000,0x00000000ee900000)
  from space 142848K, 51% used [0x00000000ee900000,0x00000000f3030868,0x00000000f7480000)
  to   space 137728K, 0% used [0x00000000f7980000,0x00000000f7980000,0x0000000100000000)
 ParOldGen       total 654336K, used 583514K [0x00000000a0000000, 0x00000000c7f00000, 0x00000000e0000000)
  object space 654336K, 89% used [0x00000000a0000000,0x00000000c39d69b0,0x00000000c7f00000)
 Metaspace       used 91694K, capacity 94488K, committed 96768K, reserved 1134592K
  class space    used 10748K, capacity 11302K, committed 11776K, reserved 1048576K

