# JRE version: OpenJDK Runtime Environment (8.0_152-b01) (build 1.8.0_152-release-1024-b01)
# Java VM: OpenJDK 64-Bit Server VM (25.152-b01 mixed mode linux-amd64 compressed oops)
Heap:
 PSYoungGen      total 424448K, used 94462K [0x00000000e0000000, 0x0000000100000000, 0x0000000100000000)
  eden space 324608K, 0% used [0x00000000e0000000,0x00000000e0000000,0x00000000f3d00000)
  from space 99840K, 94% used [0x00000000f3d00000,0x00000000f993fb68,0x00000000f9e80000)
  to   space 99840K, 0% used [0x00000000f9e80000,0x00000000f9e80000,0x0000000100000000)
 ParOldGen       total 425984K, used 425893K [0x00000000a0000000, 0x00000000ba000000, 0x00000000e0000000)
  object space 425984K, 99% used [0x00000000a0000000,0x00000000b9fe94c8,0x00000000ba000000)
 Metaspace       used 66270K, capacity 68040K, committed 68352K, reserved 1107968K
  class space    used 8445K, capacity 8865K, committed 8960K, reserved 1048576K
GC Heap History (10 events):
Event: 206.557 GC heap after
Heap after GC invocations=37 (full 6):
 PSYoungGen      total 400384K, used 73727K [0x00000000e0000000, 0x0000000100000000, 0x0000000100000000)
  eden space 326656K, 0% used [0x00000000e0000000,0x00000000e0000000,0x00000000f3f00000)
  from space 73728K, 99% used [0x00000000fb800000,0x00000000ffffff20,0x0000000100000000)
  to   space 98816K, 0% used [0x00000000f3f00000,0x00000000f3f00000,0x00000000f9f80000)
 ParOldGen       total 280064K, used 209405K [0x00000000a0000000, 0x00000000b1180000, 0x00000000e0000000)
  object space 280064K, 74% used [0x00000000a0000000,0x00000000acc7f648,0x00000000b1180000)
 Metaspace       used 66253K, capacity 67976K, committed 68352K, reserved 1107968K
  class space    used 8444K, capacity 8865K, committed 8960K, reserved 1048576K
}
Event: 208.364 GC heap before
{Heap before GC invocations=38 (full 6):
 PSYoungGen      total 400384K, used 400383K [0x00000000e0000000, 0x0000000100000000, 0x0000000100000000)
  eden space 326656K, 100% used [0x00000000e0000000,0x00000000f3f00000,0x00000000f3f00000)
  from space 73728K, 99% used [0x00000000fb800000,0x00000000ffffff20,0x0000000100000000)
  to   space 98816K, 0% used [0x00000000f3f00000,0x00000000f3f00000,0x00000000f9f80000)
 ParOldGen       total 280064K, used 209405K [0x00000000a0000000, 0x00000000b1180000, 0x00000000e0000000)
  object space 280064K, 74% used [0x00000000a0000000,0x00000000acc7f648,0x00000000b1180000)
 Metaspace       used 66256K, capacity 67976K, committed 68352K, reserved 1107968K
  class space    used 8444K, capacity 8865K, committed 8960K, reserved 1048576K
Event: 210.973 GC heap after
Heap after GC invocations=38 (full 6):
 PSYoungGen      total 425472K, used 45632K [0x00000000e0000000, 0x0000000100000000, 0x0000000100000000)
  eden space 326656K, 0% used [0x00000000e0000000,0x00000000e0000000,0x00000000f3f00000)
  from space 98816K, 46% used [0x00000000f3f00000,0x00000000f6b90228,0x00000000f9f80000)
  to   space 96768K, 0% used [0x00000000fa180000,0x00000000fa180000,0x0000000100000000)
 ParOldGen       total 283648K, used 283452K [0x00000000a0000000, 0x00000000b1500000, 0x00000000e0000000)
  object space 283648K, 99% used [0x00000000a0000000,0x00000000b14cf2e0,0x00000000b1500000)
 Metaspace       used 66256K, capacity 67976K, committed 68352K, reserved 1107968K
  class space    used 8444K, capacity 8865K, committed 8960K, reserved 1048576K
}
Event: 210.973 GC heap before
{Heap before GC invocations=39 (full 7):
 PSYoungGen      total 425472K, used 45632K [0x00000000e0000000, 0x0000000100000000, 0x0000000100000000)
  eden space 326656K, 0% used [0x00000000e0000000,0x00000000e0000000,0x00000000f3f00000)
  from space 98816K, 46% used [0x00000000f3f00000,0x00000000f6b90228,0x00000000f9f80000)
  to   space 96768K, 0% used [0x00000000fa180000,0x00000000fa180000,0x0000000100000000)
 ParOldGen       total 283648K, used 283452K [0x00000000a0000000, 0x00000000b1500000, 0x00000000e0000000)
  object space 283648K, 99% used [0x00000000a0000000,0x00000000b14cf2e0,0x00000000b1500000)
 Metaspace       used 66256K, capacity 67976K, committed 68352K, reserved 1107968K
  class space    used 8444K, capacity 8865K, committed 8960K, reserved 1048576K
Event: 213.017 GC heap after
Heap after GC invocations=39 (full 7):
 PSYoungGen      total 425472K, used 42298K [0x00000000e0000000, 0x0000000100000000, 0x0000000100000000)
  eden space 326656K, 0% used [0x00000000e0000000,0x00000000e0000000,0x00000000f3f00000)
  from space 98816K, 42% used [0x00000000f3f00000,0x00000000f684eb70,0x00000000f9f80000)
  to   space 96768K, 0% used [0x00000000fa180000,0x00000000fa180000,0x0000000100000000)
 ParOldGen       total 421888K, used 283333K [0x00000000a0000000, 0x00000000b9c00000, 0x00000000e0000000)
  object space 421888K, 67% used [0x00000000a0000000,0x00000000b14b1670,0x00000000b9c00000)
 Metaspace       used 66256K, capacity 67976K, committed 68352K, reserved 1107968K
  class space    used 8444K, capacity 8865K, committed 8960K, reserved 1048576K
}
Event: 216.882 GC heap before
{Heap before GC invocations=40 (full 7):
 PSYoungGen      total 425472K, used 368954K [0x00000000e0000000, 0x0000000100000000, 0x0000000100000000)
  eden space 326656K, 100% used [0x00000000e0000000,0x00000000f3f00000,0x00000000f3f00000)
  from space 98816K, 42% used [0x00000000f3f00000,0x00000000f684eb70,0x00000000f9f80000)
  to   space 96768K, 0% used [0x00000000fa180000,0x00000000fa180000,0x0000000100000000)
 ParOldGen       total 421888K, used 283333K [0x00000000a0000000, 0x00000000b9c00000, 0x00000000e0000000)
  object space 421888K, 67% used [0x00000000a0000000,0x00000000b14b1670,0x00000000b9c00000)
 Metaspace       used 66262K, capacity 68040K, committed 68352K, reserved 1107968K
  class space    used 8444K, capacity 8865K, committed 8960K, reserved 1048576K
Event: 217.211 GC heap after
Heap after GC invocations=40 (full 7):
 PSYoungGen      total 421376K, used 60559K [0x00000000e0000000, 0x0000000100000000, 0x0000000100000000)
  eden space 324608K, 0% used [0x00000000e0000000,0x00000000e0000000,0x00000000f3d00000)
  from space 96768K, 62% used [0x00000000fa180000,0x00000000fdca3ed0,0x0000000100000000)
  to   space 99840K, 0% used [0x00000000f3d00000,0x00000000f3d00000,0x00000000f9e80000)
 ParOldGen       total 421888K, used 324437K [0x00000000a0000000, 0x00000000b9c00000, 0x00000000e0000000)
  object space 421888K, 76% used [0x00000000a0000000,0x00000000b3cd5750,0x00000000b9c00000)
 Metaspace       used 66262K, capacity 68040K, committed 68352K, reserved 1107968K
  class space    used 8444K, capacity 8865K, committed 8960K, reserved 1048576K
}
Event: 219.040 GC heap before
{Heap before GC invocations=41 (full 7):
 PSYoungGen      total 421376K, used 385167K [0x00000000e0000000, 0x0000000100000000, 0x0000000100000000)
  eden space 324608K, 100% used [0x00000000e0000000,0x00000000f3d00000,0x00000000f3d00000)
  from space 96768K, 62% used [0x00000000fa180000,0x00000000fdca3ed0,0x0000000100000000)
  to   space 99840K, 0% used [0x00000000f3d00000,0x00000000f3d00000,0x00000000f9e80000)
 ParOldGen       total 421888K, used 324437K [0x00000000a0000000, 0x00000000b9c00000, 0x00000000e0000000)
  object space 421888K, 76% used [0x00000000a0000000,0x00000000b3cd5750,0x00000000b9c00000)
 Metaspace       used 66270K, capacity 68040K, committed 68352K, reserved 1107968K
  class space    used 8445K, capacity 8865K, committed 8960K, reserved 1048576K
Event: 221.978 GC heap after
Heap after GC invocations=41 (full 7):
 PSYoungGen      total 424448K, used 99820K [0x00000000e0000000, 0x0000000100000000, 0x0000000100000000)
  eden space 324608K, 0% used [0x00000000e0000000,0x00000000e0000000,0x00000000f3d00000)
  from space 99840K, 99% used [0x00000000f3d00000,0x00000000f9e7b230,0x00000000f9e80000)
  to   space 99840K, 0% used [0x00000000f9e80000,0x00000000f9e80000,0x0000000100000000)
 ParOldGen       total 425984K, used 425244K [0x00000000a0000000, 0x00000000ba000000, 0x00000000e0000000)
  object space 425984K, 99% used [0x00000000a0000000,0x00000000b9f47040,0x00000000ba000000)
 Metaspace       used 66270K, capacity 68040K, committed 68352K, reserved 1107968K
  class space    used 8445K, capacity 8865K, committed 8960K, reserved 1048576K
}
Event: 221.978 GC heap before
{Heap before GC invocations=42 (full 8):
 PSYoungGen      total 424448K, used 99820K [0x00000000e0000000, 0x0000000100000000, 0x0000000100000000)
  eden space 324608K, 0% used [0x00000000e0000000,0x00000000e0000000,0x00000000f3d00000)
  from space 99840K, 99% used [0x00000000f3d00000,0x00000000f9e7b230,0x00000000f9e80000)
  to   space 99840K, 0% used [0x00000000f9e80000,0x00000000f9e80000,0x0000000100000000)
 ParOldGen       total 425984K, used 425244K [0x00000000a0000000, 0x00000000ba000000, 0x00000000e0000000)
  object space 425984K, 99% used [0x00000000a0000000,0x00000000b9f47040,0x00000000ba000000)
 Metaspace       used 66270K, capacity 68040K, committed 68352K, reserved 1107968K
  class space    used 8445K, capacity 8865K, committed 8960K, reserved 1048576K

