# JRE version: OpenJDK Runtime Environment (8.0_152-b01) (build 1.8.0_152-release-1024-b01)
# Java VM: OpenJDK 64-Bit Server VM (25.152-b01 mixed mode linux-amd64 compressed oops)
Heap:
 PSYoungGen      total 455168K, used 0K [0x00000000e0000000, 0x0000000100000000, 0x0000000100000000)
  eden space 386048K, 0% used [0x00000000e0000000,0x00000000e0000000,0x00000000f7900000)
  from space 69120K, 0% used [0x00000000f7900000,0x00000000f7900000,0x00000000fbc80000)
  to   space 68608K, 0% used [0x00000000fbd00000,0x00000000fbd00000,0x0000000100000000)
 ParOldGen       total 251392K, used 247194K [0x00000000a0000000, 0x00000000af580000, 0x00000000e0000000)
  object space 251392K, 98% used [0x00000000a0000000,0x00000000af166ac0,0x00000000af580000)
 Metaspace       used 67032K, capacity 69088K, committed 69464K, reserved 1110016K
  class space    used 8476K, capacity 8940K, committed 9048K, reserved 1048576K
GC Heap History (10 events):
Event: 324.882 GC heap after
Heap after GC invocations=24 (full 4):
 PSYoungGen      total 452096K, used 42271K [0x00000000e0000000, 0x00000000ff880000, 0x0000000100000000)
  eden space 403456K, 0% used [0x00000000e0000000,0x00000000e0000000,0x00000000f8a00000)
  from space 48640K, 86% used [0x00000000fbf00000,0x00000000fe847f80,0x00000000fee80000)
  to   space 54272K, 0% used [0x00000000f8a00000,0x00000000f8a00000,0x00000000fbf00000)
 ParOldGen       total 188928K, used 144153K [0x00000000a0000000, 0x00000000ab880000, 0x00000000e0000000)
  object space 188928K, 76% used [0x00000000a0000000,0x00000000a8cc6520,0x00000000ab880000)
 Metaspace       used 66881K, capacity 68896K, committed 69208K, reserved 1110016K
  class space    used 8475K, capacity 8940K, committed 9048K, reserved 1048576K
}
Event: 328.632 GC heap before
{Heap before GC invocations=25 (full 4):
 PSYoungGen      total 452096K, used 445727K [0x00000000e0000000, 0x00000000ff880000, 0x0000000100000000)
  eden space 403456K, 100% used [0x00000000e0000000,0x00000000f8a00000,0x00000000f8a00000)
  from space 48640K, 86% used [0x00000000fbf00000,0x00000000fe847f80,0x00000000fee80000)
  to   space 54272K, 0% used [0x00000000f8a00000,0x00000000f8a00000,0x00000000fbf00000)
 ParOldGen       total 188928K, used 144153K [0x00000000a0000000, 0x00000000ab880000, 0x00000000e0000000)
  object space 188928K, 76% used [0x00000000a0000000,0x00000000a8cc6520,0x00000000ab880000)
 Metaspace       used 67021K, capacity 69024K, committed 69208K, reserved 1110016K
  class space    used 8476K, capacity 8940K, committed 9048K, reserved 1048576K
Event: 339.366 GC heap after
Heap after GC invocations=25 (full 4):
 PSYoungGen      total 457728K, used 53846K [0x00000000e0000000, 0x0000000100000000, 0x0000000100000000)
  eden space 403456K, 0% used [0x00000000e0000000,0x00000000e0000000,0x00000000f8a00000)
  from space 54272K, 99% used [0x00000000f8a00000,0x00000000fbe95b90,0x00000000fbf00000)
  to   space 62464K, 0% used [0x00000000fc300000,0x00000000fc300000,0x0000000100000000)
 ParOldGen       total 188928K, used 184566K [0x00000000a0000000, 0x00000000ab880000, 0x00000000e0000000)
  object space 188928K, 97% used [0x00000000a0000000,0x00000000ab43d8a0,0x00000000ab880000)
 Metaspace       used 67021K, capacity 69024K, committed 69208K, reserved 1110016K
  class space    used 8476K, capacity 8940K, committed 9048K, reserved 1048576K
}
Event: 339.379 GC heap before
{Heap before GC invocations=26 (full 5):
 PSYoungGen      total 457728K, used 53846K [0x00000000e0000000, 0x0000000100000000, 0x0000000100000000)
  eden space 403456K, 0% used [0x00000000e0000000,0x00000000e0000000,0x00000000f8a00000)
  from space 54272K, 99% used [0x00000000f8a00000,0x00000000fbe95b90,0x00000000fbf00000)
  to   space 62464K, 0% used [0x00000000fc300000,0x00000000fc300000,0x0000000100000000)
 ParOldGen       total 188928K, used 184566K [0x00000000a0000000, 0x00000000ab880000, 0x00000000e0000000)
  object space 188928K, 97% used [0x00000000a0000000,0x00000000ab43d8a0,0x00000000ab880000)
 Metaspace       used 67021K, capacity 69024K, committed 69208K, reserved 1110016K
  class space    used 8476K, capacity 8940K, committed 9048K, reserved 1048576K
Event: 341.345 GC heap after
Heap after GC invocations=26 (full 5):
 PSYoungGen      total 457728K, used 0K [0x00000000e0000000, 0x0000000100000000, 0x0000000100000000)
  eden space 403456K, 0% used [0x00000000e0000000,0x00000000e0000000,0x00000000f8a00000)
  from space 54272K, 0% used [0x00000000f8a00000,0x00000000f8a00000,0x00000000fbf00000)
  to   space 62464K, 0% used [0x00000000fc300000,0x00000000fc300000,0x0000000100000000)
 ParOldGen       total 251392K, used 164930K [0x00000000a0000000, 0x00000000af580000, 0x00000000e0000000)
  object space 251392K, 65% used [0x00000000a0000000,0x00000000aa110980,0x00000000af580000)
 Metaspace       used 67021K, capacity 69024K, committed 69208K, reserved 1110016K
  class space    used 8476K, capacity 8940K, committed 9048K, reserved 1048576K
}
Event: 345.968 GC heap before
{Heap before GC invocations=27 (full 5):
 PSYoungGen      total 457728K, used 403456K [0x00000000e0000000, 0x0000000100000000, 0x0000000100000000)
  eden space 403456K, 100% used [0x00000000e0000000,0x00000000f8a00000,0x00000000f8a00000)
  from space 54272K, 0% used [0x00000000f8a00000,0x00000000f8a00000,0x00000000fbf00000)
  to   space 62464K, 0% used [0x00000000fc300000,0x00000000fc300000,0x0000000100000000)
 ParOldGen       total 251392K, used 164930K [0x00000000a0000000, 0x00000000af580000, 0x00000000e0000000)
  object space 251392K, 65% used [0x00000000a0000000,0x00000000aa110980,0x00000000af580000)
 Metaspace       used 67026K, capacity 69088K, committed 69464K, reserved 1110016K
  class space    used 8476K, capacity 8940K, committed 9048K, reserved 1048576K
Event: 346.323 GC heap after
Heap after GC invocations=27 (full 5):
 PSYoungGen      total 448512K, used 52947K [0x00000000e0000000, 0x0000000100000000, 0x0000000100000000)
  eden space 386048K, 0% used [0x00000000e0000000,0x00000000e0000000,0x00000000f7900000)
  from space 62464K, 84% used [0x00000000fc300000,0x00000000ff6b4de8,0x0000000100000000)
  to   space 69120K, 0% used [0x00000000f7900000,0x00000000f7900000,0x00000000fbc80000)
 ParOldGen       total 251392K, used 164930K [0x00000000a0000000, 0x00000000af580000, 0x00000000e0000000)
  object space 251392K, 65% used [0x00000000a0000000,0x00000000aa110980,0x00000000af580000)
 Metaspace       used 67026K, capacity 69088K, committed 69464K, reserved 1110016K
  class space    used 8476K, capacity 8940K, committed 9048K, reserved 1048576K
}
Event: 349.714 GC heap before
{Heap before GC invocations=28 (full 5):
 PSYoungGen      total 448512K, used 438995K [0x00000000e0000000, 0x0000000100000000, 0x0000000100000000)
  eden space 386048K, 100% used [0x00000000e0000000,0x00000000f7900000,0x00000000f7900000)
  from space 62464K, 84% used [0x00000000fc300000,0x00000000ff6b4de8,0x0000000100000000)
  to   space 69120K, 0% used [0x00000000f7900000,0x00000000f7900000,0x00000000fbc80000)
 ParOldGen       total 251392K, used 164930K [0x00000000a0000000, 0x00000000af580000, 0x00000000e0000000)
  object space 251392K, 65% used [0x00000000a0000000,0x00000000aa110980,0x00000000af580000)
 Metaspace       used 67032K, capacity 69088K, committed 69464K, reserved 1110016K
  class space    used 8476K, capacity 8940K, committed 9048K, reserved 1048576K
Event: 354.273 GC heap after
Heap after GC invocations=28 (full 5):
 PSYoungGen      total 455168K, used 37850K [0x00000000e0000000, 0x0000000100000000, 0x0000000100000000)
  eden space 386048K, 0% used [0x00000000e0000000,0x00000000e0000000,0x00000000f7900000)
  from space 69120K, 54% used [0x00000000f7900000,0x00000000f9df6b58,0x00000000fbc80000)
  to   space 68608K, 0% used [0x00000000fbd00000,0x00000000fbd00000,0x0000000100000000)
 ParOldGen       total 251392K, used 213859K [0x00000000a0000000, 0x00000000af580000, 0x00000000e0000000)
  object space 251392K, 85% used [0x00000000a0000000,0x00000000ad0d8e90,0x00000000af580000)
 Metaspace       used 67032K, capacity 69088K, committed 69464K, reserved 1110016K
  class space    used 8476K, capacity 8940K, committed 9048K, reserved 1048576K
}
Event: 354.273 GC heap before
{Heap before GC invocations=29 (full 6):
 PSYoungGen      total 455168K, used 37850K [0x00000000e0000000, 0x0000000100000000, 0x0000000100000000)
  eden space 386048K, 0% used [0x00000000e0000000,0x00000000e0000000,0x00000000f7900000)
  from space 69120K, 54% used [0x00000000f7900000,0x00000000f9df6b58,0x00000000fbc80000)
  to   space 68608K, 0% used [0x00000000fbd00000,0x00000000fbd00000,0x0000000100000000)
 ParOldGen       total 251392K, used 213859K [0x00000000a0000000, 0x00000000af580000, 0x00000000e0000000)
  object space 251392K, 85% used [0x00000000a0000000,0x00000000ad0d8e90,0x00000000af580000)
 Metaspace       used 67032K, capacity 69088K, committed 69464K, reserved 1110016K
  class space    used 8476K, capacity 8940K, committed 9048K, reserved 1048576K

